[2021-03-02 02:07:45] local.ERROR: Unable to prepare route [api/user] for serialization. Uses Closure. {"exception":"[object] (LogicException(code: 0): Unable to prepare route [api/user] for serialization. Uses Closure. at C:\\xampp\\htdocs\\LetsEngineer\\curriculum\\5-1\\vendor\\laravel\\framework\\src\\Illuminate\\Routing\\Route.php:917)
[stacktrace]
#0 C:\\xampp\\htdocs\\LetsEngineer\\curriculum\\5-1\\vendor\\laravel\\framework\\src\\Illuminate\\Foundation\\Console\\RouteCacheCommand.php(62): Illuminate\\Routing\\Route->prepareForSerialization()
#1 [internal function]: Illuminate\\Foundation\\Console\\RouteCacheCommand->handle()
#2 C:\\xampp\\htdocs\\LetsEngineer\\curriculum\\5-1\\vendor\\laravel\\framework\\src\\Illuminate\\Container\\BoundMethod.php(32): call_user_func_array(Array, Array)
#3 C:\\xampp\\htdocs\\LetsEngineer\\curriculum\\5-1\\vendor\\laravel\\framework\\src\\Illuminate\\Container\\BoundMethod.php(90): Illuminate\\Container\\BoundMethod::Illuminate\\Container\\{closure}()
#4 C:\\xampp\\htdocs\\LetsEngineer\\curriculum\\5-1\\vendor\\laravel\\framework\\src\\Illuminate\\Container\\BoundMethod.php(34): Illuminate\\Container\\BoundMethod::callBoundMethod(Object(Illuminate\\Foundation\\Application), Array, Object(Closure))
#5 C:\\xampp\\htdocs\\LetsEngineer\\curriculum\\5-1\\vendor\\laravel\\framework\\src\\Illuminate\\Container\\Container.php(576): Illuminate\\Container\\BoundMethod::call(Object(Illuminate\\Foundation\\Application), Array, Array, NULL)
#6 C:\\xampp\\htdocs\\LetsEngineer\\curriculum\\5-1\\vendor\\laravel\\framework\\src\\Illuminate\\Console\\Command.php(183): Illuminate\\Container\\Container->call(Array)
#7 C:\\xampp\\htdocs\\LetsEngineer\\curriculum\\5-1\\vendor\\symfony\\console\\Command\\Command.php(255): Illuminate\\Console\\Command->execute(Object(Symfony\\Component\\Console\\Input\\ArrayInput), Object(Illuminate\\Console\\OutputStyle))
#8 C:\\xampp\\htdocs\\LetsEngineer\\curriculum\\5-1\\vendor\\laravel\\framework\\src\\Illuminate\\Console\\Command.php(170): Symfony\\Component\\Console\\Command\\Command->run(Object(Symfony\\Component\\Console\\Input\\ArrayInput), Object(Illuminate\\Console\\OutputStyle))
#9 C:\\xampp\\htdocs\\LetsEngineer\\curriculum\\5-1\\vendor\\laravel\\framework\\src\\Illuminate\\Console\\Command.php(198): Illuminate\\Console\\Command->run(Object(Symfony\\Component\\Console\\Input\\ArrayInput), Object(Illuminate\\Console\\OutputStyle))
#10 C:\\xampp\\htdocs\\LetsEngineer\\curriculum\\5-1\\vendor\\laravel\\framework\\src\\Illuminate\\Foundation\\Console\\OptimizeCommand.php(31): Illuminate\\Console\\Command->call('route:cache')
#11 [internal function]: Illuminate\\Foundation\\Console\\OptimizeCommand->handle()
#12 C:\\xampp\\htdocs\\LetsEngineer\\curriculum\\5-1\\vendor\\laravel\\framework\\src\\Illuminate\\Container\\BoundMethod.php(32): call_user_func_array(Array, Array)
#13 C:\\xampp\\htdocs\\LetsEngineer\\curriculum\\5-1\\vendor\\laravel\\framework\\src\\Illuminate\\Container\\BoundMethod.php(90): Illuminate\\Container\\BoundMethod::Illuminate\\Container\\{closure}()
#14 C:\\xampp\\htdocs\\LetsEngineer\\curriculum\\5-1\\vendor\\laravel\\framework\\src\\Illuminate\\Container\\BoundMethod.php(34): Illuminate\\Container\\BoundMethod::callBoundMethod(Object(Illuminate\\Foundation\\Application), Array, Object(Closure))
#15 C:\\xampp\\htdocs\\LetsEngineer\\curriculum\\5-1\\vendor\\laravel\\framework\\src\\Illuminate\\Container\\Container.php(576): Illuminate\\Container\\BoundMethod::call(Object(Illuminate\\Foundation\\Application), Array, Array, NULL)
#16 C:\\xampp\\htdocs\\LetsEngineer\\curriculum\\5-1\\vendor\\laravel\\framework\\src\\Illuminate\\Console\\Command.php(183): Illuminate\\Container\\Container->call(Array)
#17 C:\\xampp\\htdocs\\LetsEngineer\\curriculum\\5-1\\vendor\\symfony\\console\\Command\\Command.php(255): Illuminate\\Console\\Command->execute(Object(Symfony\\Component\\Console\\Input\\ArgvInput), Object(Illuminate\\Console\\OutputStyle))
#18 C:\\xampp\\htdocs\\LetsEngineer\\curriculum\\5-1\\vendor\\laravel\\framework\\src\\Illuminate\\Console\\Command.php(170): Symfony\\Component\\Console\\Command\\Command->run(Object(Symfony\\Component\\Console\\Input\\ArgvInput), Object(Illuminate\\Console\\OutputStyle))
#19 C:\\xampp\\htdocs\\LetsEngineer\\curriculum\\5-1\\vendor\\symfony\\console\\Application.php(1009): Illuminate\\Console\\Command->run(Object(Symfony\\Component\\Console\\Input\\ArgvInput), Object(Symfony\\Component\\Console\\Output\\ConsoleOutput))
#20 C:\\xampp\\htdocs\\LetsEngineer\\curriculum\\5-1\\vendor\\symfony\\console\\Application.php(273): Symfony\\Component\\Console\\Application->doRunCommand(Object(Illuminate\\Foundation\\Console\\OptimizeCommand), Object(Symfony\\Component\\Console\\Input\\ArgvInput), Object(Symfony\\Component\\Console\\Output\\ConsoleOutput))
#21 C:\\xampp\\htdocs\\LetsEngineer\\curriculum\\5-1\\vendor\\symfony\\console\\Application.php(149): Symfony\\Component\\Console\\Application->doRun(Object(Symfony\\Component\\Console\\Input\\ArgvInput), Object(Symfony\\Component\\Console\\Output\\ConsoleOutput))
#22 C:\\xampp\\htdocs\\LetsEngineer\\curriculum\\5-1\\vendor\\laravel\\framework\\src\\Illuminate\\Console\\Application.php(90): Symfony\\Component\\Console\\Application->run(Object(Symfony\\Component\\Console\\Input\\ArgvInput), Object(Symfony\\Component\\Console\\Output\\ConsoleOutput))
#23 C:\\xampp\\htdocs\\LetsEngineer\\curriculum\\5-1\\vendor\\laravel\\framework\\src\\Illuminate\\Foundation\\Console\\Kernel.php(133): Illuminate\\Console\\Application->run(Object(Symfony\\Component\\Console\\Input\\ArgvInput), Object(Symfony\\Component\\Console\\Output\\ConsoleOutput))
#24 C:\\xampp\\htdocs\\LetsEngineer\\curriculum\\5-1\\artisan(37): Illuminate\\Foundation\\Console\\Kernel->handle(Object(Symfony\\Component\\Console\\Input\\ArgvInput), Object(Symfony\\Component\\Console\\Output\\ConsoleOutput))
#25 {main}
"} 
[2021-03-02 02:17:19] local.ERROR: Attribute [gruop] does not exist. {"exception":"[object] (InvalidArgumentException(code: 0): Attribute [gruop] does not exist. at C:\\xampp\\htdocs\\LetsEngineer\\curriculum\\5-1\\vendor\\laravel\\framework\\src\\Illuminate\\Routing\\RouteRegistrar.php:92)
[stacktrace]
#0 C:\\xampp\\htdocs\\LetsEngineer\\curriculum\\5-1\\vendor\\laravel\\framework\\src\\Illuminate\\Routing\\Router.php(1275): Illuminate\\Routing\\RouteRegistrar->attribute('gruop', Array)
#1 C:\\xampp\\htdocs\\LetsEngineer\\curriculum\\5-1\\vendor\\laravel\\framework\\src\\Illuminate\\Support\\Facades\\Facade.php(239): Illuminate\\Routing\\Router->__call('gruop', Array)
#2 C:\\xampp\\htdocs\\LetsEngineer\\curriculum\\5-1\outes\\web.php(29): Illuminate\\Support\\Facades\\Facade::__callStatic('gruop', Array)
#3 C:\\xampp\\htdocs\\LetsEngineer\\curriculum\\5-1\\vendor\\laravel\\framework\\src\\Illuminate\\Routing\\RouteFileRegistrar.php(35): require('C:\\\\xampp\\\\htdocs...')
#4 C:\\xampp\\htdocs\\LetsEngineer\\curriculum\\5-1\\vendor\\laravel\\framework\\src\\Illuminate\\Routing\\Router.php(415): Illuminate\\Routing\\RouteFileRegistrar->register('C:\\\\xampp\\\\htdocs...')
#5 C:\\xampp\\htdocs\\LetsEngineer\\curriculum\\5-1\\vendor\\laravel\\framework\\src\\Illuminate\\Routing\\Router.php(373): Illuminate\\Routing\\Router->loadRoutes('C:\\\\xampp\\\\htdocs...')
#6 C:\\xampp\\htdocs\\LetsEngineer\\curriculum\\5-1\\vendor\\laravel\\framework\\src\\Illuminate\\Routing\\RouteRegistrar.php(121): Illuminate\\Routing\\Router->group(Array, 'C:\\\\xampp\\\\htdocs...')
#7 C:\\xampp\\htdocs\\LetsEngineer\\curriculum\\5-1\\app\\Providers\\RouteServiceProvider.php(56): Illuminate\\Routing\\RouteRegistrar->group('C:\\\\xampp\\\\htdocs...')
#8 C:\\xampp\\htdocs\\LetsEngineer\\curriculum\\5-1\\app\\Providers\\RouteServiceProvider.php(40): App\\Providers\\RouteServiceProvider->mapWebRoutes()
#9 [internal function]: App\\Providers\\RouteServiceProvider->map()
#10 C:\\xampp\\htdocs\\LetsEngineer\\curriculum\\5-1\\vendor\\laravel\\framework\\src\\Illuminate\\Container\\BoundMethod.php(32): call_user_func_array(Array, Array)
#11 C:\\xampp\\htdocs\\LetsEngineer\\curriculum\\5-1\\vendor\\laravel\\framework\\src\\Illuminate\\Container\\BoundMethod.php(90): Illuminate\\Container\\BoundMethod::Illuminate\\Container\\{closure}()
#12 C:\\xampp\\htdocs\\LetsEngineer\\curriculum\\5-1\\vendor\\laravel\\framework\\src\\Illuminate\\Container\\BoundMethod.php(34): Illuminate\\Container\\BoundMethod::callBoundMethod(Object(Illuminate\\Foundation\\Application), Array, Object(Closure))
#13 C:\\xampp\\htdocs\\LetsEngineer\\curriculum\\5-1\\vendor\\laravel\\framework\\src\\Illuminate\\Container\\Container.php(576): Illuminate\\Container\\BoundMethod::call(Object(Illuminate\\Foundation\\Application), Array, Array, NULL)
#14 C:\\xampp\\htdocs\\LetsEngineer\\curriculum\\5-1\\vendor\\laravel\\framework\\src\\Illuminate\\Foundation\\Support\\Providers\\RouteServiceProvider.php(87): Illuminate\\Container\\Container->call(Array)
#15 C:\\xampp\\htdocs\\LetsEngineer\\curriculum\\5-1\\vendor\\laravel\\framework\\src\\Illuminate\\Foundation\\Support\\Providers\\RouteServiceProvider.php(36): Illuminate\\Foundation\\Support\\Providers\\RouteServiceProvider->loadRoutes()
#16 C:\\xampp\\htdocs\\LetsEngineer\\curriculum\\5-1\\app\\Providers\\RouteServiceProvider.php(28): Illuminate\\Foundation\\Support\\Providers\\RouteServiceProvider->boot()
#17 [internal function]: App\\Providers\\RouteServiceProvider->boot()
#18 C:\\xampp\\htdocs\\LetsEngineer\\curriculum\\5-1\\vendor\\laravel\\framework\\src\\Illuminate\\Container\\BoundMethod.php(32): call_user_func_array(Array, Array)
#19 C:\\xampp\\htdocs\\LetsEngineer\\curriculum\\5-1\\vendor\\laravel\\framework\\src\\Illuminate\\Container\\BoundMethod.php(90): Illuminate\\Container\\BoundMethod::Illuminate\\Container\\{closure}()
#20 C:\\xampp\\htdocs\\LetsEngineer\\curriculum\\5-1\\vendor\\laravel\\framework\\src\\Illuminate\\Container\\BoundMethod.php(34): Illuminate\\Container\\BoundMethod::callBoundMethod(Object(Illuminate\\Foundation\\Application), Array, Object(Closure))
#21 C:\\xampp\\htdocs\\LetsEngineer\\curriculum\\5-1\\vendor\\laravel\\framework\\src\\Illuminate\\Container\\Container.php(576): Illuminate\\Container\\BoundMethod::call(Object(Illuminate\\Foundation\\Application), Array, Array, NULL)
#22 C:\\xampp\\htdocs\\LetsEngineer\\curriculum\\5-1\\vendor\\laravel\\framework\\src\\Illuminate\\Foundation\\Application.php(827): Illuminate\\Container\\Container->call(Array)
#23 C:\\xampp\\htdocs\\LetsEngineer\\curriculum\\5-1\\vendor\\laravel\\framework\\src\\Illuminate\\Foundation\\Application.php(810): Illuminate\\Foundation\\Application->bootProvider(Object(App\\Providers\\RouteServiceProvider))
#24 [internal function]: Illuminate\\Foundation\\Application->Illuminate\\Foundation\\{closure}(Object(App\\Providers\\RouteServiceProvider), 20)
#25 C:\\xampp\\htdocs\\LetsEngineer\\curriculum\\5-1\\vendor\\laravel\\framework\\src\\Illuminate\\Foundation\\Application.php(811): array_walk(Array, Object(Closure))
#26 C:\\xampp\\htdocs\\LetsEngineer\\curriculum\\5-1\\vendor\\laravel\\framework\\src\\Illuminate\\Foundation\\Bootstrap\\BootProviders.php(17): Illuminate\\Foundation\\Application->boot()
#27 C:\\xampp\\htdocs\\LetsEngineer\\curriculum\\5-1\\vendor\\laravel\\framework\\src\\Illuminate\\Foundation\\Application.php(210): Illuminate\\Foundation\\Bootstrap\\BootProviders->bootstrap(Object(Illuminate\\Foundation\\Application))
#28 C:\\xampp\\htdocs\\LetsEngineer\\curriculum\\5-1\\vendor\\laravel\\framework\\src\\Illuminate\\Foundation\\Http\\Kernel.php(162): Illuminate\\Foundation\\Application->bootstrapWith(Array)
#29 C:\\xampp\\htdocs\\LetsEngineer\\curriculum\\5-1\\vendor\\laravel\\framework\\src\\Illuminate\\Foundation\\Http\\Kernel.php(146): Illuminate\\Foundation\\Http\\Kernel->bootstrap()
#30 C:\\xampp\\htdocs\\LetsEngineer\\curriculum\\5-1\\vendor\\laravel\\framework\\src\\Illuminate\\Foundation\\Http\\Kernel.php(116): Illuminate\\Foundation\\Http\\Kernel->sendRequestThroughRouter(Object(Illuminate\\Http\\Request))
#31 C:\\xampp\\htdocs\\LetsEngineer\\curriculum\\5-1\\public\\index.php(55): Illuminate\\Foundation\\Http\\Kernel->handle(Object(Illuminate\\Http\\Request))
#32 C:\\xampp\\htdocs\\LetsEngineer\\curriculum\\5-1\\server.php(21): require_once('C:\\\\xampp\\\\htdocs...')
#33 {main}
"} 
[2021-03-02 02:17:23] local.ERROR: Attribute [gruop] does not exist. {"exception":"[object] (InvalidArgumentException(code: 0): Attribute [gruop] does not exist. at C:\\xampp\\htdocs\\LetsEngineer\\curriculum\\5-1\\vendor\\laravel\\framework\\src\\Illuminate\\Routing\\RouteRegistrar.php:92)
[stacktrace]
#0 C:\\xampp\\htdocs\\LetsEngineer\\curriculum\\5-1\\vendor\\laravel\\framework\\src\\Illuminate\\Routing\\Router.php(1275): Illuminate\\Routing\\RouteRegistrar->attribute('gruop', Array)
#1 C:\\xampp\\htdocs\\LetsEngineer\\curriculum\\5-1\\vendor\\laravel\\framework\\src\\Illuminate\\Support\\Facades\\Facade.php(239): Illuminate\\Routing\\Router->__call('gruop', Array)
#2 C:\\xampp\\htdocs\\LetsEngineer\\curriculum\\5-1\outes\\web.php(29): Illuminate\\Support\\Facades\\Facade::__callStatic('gruop', Array)
#3 C:\\xampp\\htdocs\\LetsEngineer\\curriculum\\5-1\\vendor\\laravel\\framework\\src\\Illuminate\\Routing\\RouteFileRegistrar.php(35): require('C:\\\\xampp\\\\htdocs...')
#4 C:\\xampp\\htdocs\\LetsEngineer\\curriculum\\5-1\\vendor\\laravel\\framework\\src\\Illuminate\\Routing\\Router.php(415): Illuminate\\Routing\\RouteFileRegistrar->register('C:\\\\xampp\\\\htdocs...')
#5 C:\\xampp\\htdocs\\LetsEngineer\\curriculum\\5-1\\vendor\\laravel\\framework\\src\\Illuminate\\Routing\\Router.php(373): Illuminate\\Routing\\Router->loadRoutes('C:\\\\xampp\\\\htdocs...')
#6 C:\\xampp\\htdocs\\LetsEngineer\\curriculum\\5-1\\vendor\\laravel\\framework\\src\\Illuminate\\Routing\\RouteRegistrar.php(121): Illuminate\\Routing\\Router->group(Array, 'C:\\\\xampp\\\\htdocs...')
#7 C:\\xampp\\htdocs\\LetsEngineer\\curriculum\\5-1\\app\\Providers\\RouteServiceProvider.php(56): Illuminate\\Routing\\RouteRegistrar->group('C:\\\\xampp\\\\htdocs...')
#8 C:\\xampp\\htdocs\\LetsEngineer\\curriculum\\5-1\\app\\Providers\\RouteServiceProvider.php(40): App\\Providers\\RouteServiceProvider->mapWebRoutes()
#9 [internal function]: App\\Providers\\RouteServiceProvider->map()
#10 C:\\xampp\\htdocs\\LetsEngineer\\curriculum\\5-1\\vendor\\laravel\\framework\\src\\Illuminate\\Container\\BoundMethod.php(32): call_user_func_array(Array, Array)
#11 C:\\xampp\\htdocs\\LetsEngineer\\curriculum\\5-1\\vendor\\laravel\\framework\\src\\Illuminate\\Container\\BoundMethod.php(90): Illuminate\\Container\\BoundMethod::Illuminate\\Container\\{closure}()
#12 C:\\xampp\\htdocs\\LetsEngineer\\curriculum\\5-1\\vendor\\laravel\\framework\\src\\Illuminate\\Container\\BoundMethod.php(34): Illuminate\\Container\\BoundMethod::callBoundMethod(Object(Illuminate\\Foundation\\Application), Array, Object(Closure))
#13 C:\\xampp\\htdocs\\LetsEngineer\\curriculum\\5-1\\vendor\\laravel\\framework\\src\\Illuminate\\Container\\Container.php(576): Illuminate\\Container\\BoundMethod::call(Object(Illuminate\\Foundation\\Application), Array, Array, NULL)
#14 C:\\xampp\\htdocs\\LetsEngineer\\curriculum\\5-1\\vendor\\laravel\\framework\\src\\Illuminate\\Foundation\\Support\\Providers\\RouteServiceProvider.php(87): Illuminate\\Container\\Container->call(Array)
#15 C:\\xampp\\htdocs\\LetsEngineer\\curriculum\\5-1\\vendor\\laravel\\framework\\src\\Illuminate\\Foundation\\Support\\Providers\\RouteServiceProvider.php(36): Illuminate\\Foundation\\Support\\Providers\\RouteServiceProvider->loadRoutes()
#16 C:\\xampp\\htdocs\\LetsEngineer\\curriculum\\5-1\\app\\Providers\\RouteServiceProvider.php(28): Illuminate\\Foundation\\Support\\Providers\\RouteServiceProvider->boot()
#17 [internal function]: App\\Providers\\RouteServiceProvider->boot()
#18 C:\\xampp\\htdocs\\LetsEngineer\\curriculum\\5-1\\vendor\\laravel\\framework\\src\\Illuminate\\Container\\BoundMethod.php(32): call_user_func_array(Array, Array)
#19 C:\\xampp\\htdocs\\LetsEngineer\\curriculum\\5-1\\vendor\\laravel\\framework\\src\\Illuminate\\Container\\BoundMethod.php(90): Illuminate\\Container\\BoundMethod::Illuminate\\Container\\{closure}()
#20 C:\\xampp\\htdocs\\LetsEngineer\\curriculum\\5-1\\vendor\\laravel\\framework\\src\\Illuminate\\Container\\BoundMethod.php(34): Illuminate\\Container\\BoundMethod::callBoundMethod(Object(Illuminate\\Foundation\\Application), Array, Object(Closure))
#21 C:\\xampp\\htdocs\\LetsEngineer\\curriculum\\5-1\\vendor\\laravel\\framework\\src\\Illuminate\\Container\\Container.php(576): Illuminate\\Container\\BoundMethod::call(Object(Illuminate\\Foundation\\Application), Array, Array, NULL)
#22 C:\\xampp\\htdocs\\LetsEngineer\\curriculum\\5-1\\vendor\\laravel\\framework\\src\\Illuminate\\Foundation\\Application.php(827): Illuminate\\Container\\Container->call(Array)
#23 C:\\xampp\\htdocs\\LetsEngineer\\curriculum\\5-1\\vendor\\laravel\\framework\\src\\Illuminate\\Foundation\\Application.php(810): Illuminate\\Foundation\\Application->bootProvider(Object(App\\Providers\\RouteServiceProvider))
#24 [internal function]: Illuminate\\Foundation\\Application->Illuminate\\Foundation\\{closure}(Object(App\\Providers\\RouteServiceProvider), 20)
#25 C:\\xampp\\htdocs\\LetsEngineer\\curriculum\\5-1\\vendor\\laravel\\framework\\src\\Illuminate\\Foundation\\Application.php(811): array_walk(Array, Object(Closure))
#26 C:\\xampp\\htdocs\\LetsEngineer\\curriculum\\5-1\\vendor\\laravel\\framework\\src\\Illuminate\\Foundation\\Bootstrap\\BootProviders.php(17): Illuminate\\Foundation\\Application->boot()
#27 C:\\xampp\\htdocs\\LetsEngineer\\curriculum\\5-1\\vendor\\laravel\\framework\\src\\Illuminate\\Foundation\\Application.php(210): Illuminate\\Foundation\\Bootstrap\\BootProviders->bootstrap(Object(Illuminate\\Foundation\\Application))
#28 C:\\xampp\\htdocs\\LetsEngineer\\curriculum\\5-1\\vendor\\laravel\\framework\\src\\Illuminate\\Foundation\\Http\\Kernel.php(162): Illuminate\\Foundation\\Application->bootstrapWith(Array)
#29 C:\\xampp\\htdocs\\LetsEngineer\\curriculum\\5-1\\vendor\\laravel\\framework\\src\\Illuminate\\Foundation\\Http\\Kernel.php(146): Illuminate\\Foundation\\Http\\Kernel->bootstrap()
#30 C:\\xampp\\htdocs\\LetsEngineer\\curriculum\\5-1\\vendor\\laravel\\framework\\src\\Illuminate\\Foundation\\Http\\Kernel.php(116): Illuminate\\Foundation\\Http\\Kernel->sendRequestThroughRouter(Object(Illuminate\\Http\\Request))
#31 C:\\xampp\\htdocs\\LetsEngineer\\curriculum\\5-1\\public\\index.php(55): Illuminate\\Foundation\\Http\\Kernel->handle(Object(Illuminate\\Http\\Request))
#32 C:\\xampp\\htdocs\\LetsEngineer\\curriculum\\5-1\\server.php(21): require_once('C:\\\\xampp\\\\htdocs...')
#33 {main}
"} 
[2021-03-02 02:17:37] local.ERROR: Attribute [gruop] does not exist. {"exception":"[object] (InvalidArgumentException(code: 0): Attribute [gruop] does not exist. at C:\\xampp\\htdocs\\LetsEngineer\\curriculum\\5-1\\vendor\\laravel\\framework\\src\\Illuminate\\Routing\\RouteRegistrar.php:92)
[stacktrace]
#0 C:\\xampp\\htdocs\\LetsEngineer\\curriculum\\5-1\\vendor\\laravel\\framework\\src\\Illuminate\\Routing\\Router.php(1275): Illuminate\\Routing\\RouteRegistrar->attribute('gruop', Array)
#1 C:\\xampp\\htdocs\\LetsEngineer\\curriculum\\5-1\\vendor\\laravel\\framework\\src\\Illuminate\\Support\\Facades\\Facade.php(239): Illuminate\\Routing\\Router->__call('gruop', Array)
#2 C:\\xampp\\htdocs\\LetsEngineer\\curriculum\\5-1\outes\\web.php(29): Illuminate\\Support\\Facades\\Facade::__callStatic('gruop', Array)
#3 C:\\xampp\\htdocs\\LetsEngineer\\curriculum\\5-1\\vendor\\laravel\\framework\\src\\Illuminate\\Routing\\RouteFileRegistrar.php(35): require('C:\\\\xampp\\\\htdocs...')
#4 C:\\xampp\\htdocs\\LetsEngineer\\curriculum\\5-1\\vendor\\laravel\\framework\\src\\Illuminate\\Routing\\Router.php(415): Illuminate\\Routing\\RouteFileRegistrar->register('C:\\\\xampp\\\\htdocs...')
#5 C:\\xampp\\htdocs\\LetsEngineer\\curriculum\\5-1\\vendor\\laravel\\framework\\src\\Illuminate\\Routing\\Router.php(373): Illuminate\\Routing\\Router->loadRoutes('C:\\\\xampp\\\\htdocs...')
#6 C:\\xampp\\htdocs\\LetsEngineer\\curriculum\\5-1\\vendor\\laravel\\framework\\src\\Illuminate\\Routing\\RouteRegistrar.php(121): Illuminate\\Routing\\Router->group(Array, 'C:\\\\xampp\\\\htdocs...')
#7 C:\\xampp\\htdocs\\LetsEngineer\\curriculum\\5-1\\app\\Providers\\RouteServiceProvider.php(56): Illuminate\\Routing\\RouteRegistrar->group('C:\\\\xampp\\\\htdocs...')
#8 C:\\xampp\\htdocs\\LetsEngineer\\curriculum\\5-1\\app\\Providers\\RouteServiceProvider.php(40): App\\Providers\\RouteServiceProvider->mapWebRoutes()
#9 [internal function]: App\\Providers\\RouteServiceProvider->map()
#10 C:\\xampp\\htdocs\\LetsEngineer\\curriculum\\5-1\\vendor\\laravel\\framework\\src\\Illuminate\\Container\\BoundMethod.php(32): call_user_func_array(Array, Array)
#11 C:\\xampp\\htdocs\\LetsEngineer\\curriculum\\5-1\\vendor\\laravel\\framework\\src\\Illuminate\\Container\\BoundMethod.php(90): Illuminate\\Container\\BoundMethod::Illuminate\\Container\\{closure}()
#12 C:\\xampp\\htdocs\\LetsEngineer\\curriculum\\5-1\\vendor\\laravel\\framework\\src\\Illuminate\\Container\\BoundMethod.php(34): Illuminate\\Container\\BoundMethod::callBoundMethod(Object(Illuminate\\Foundation\\Application), Array, Object(Closure))
#13 C:\\xampp\\htdocs\\LetsEngineer\\curriculum\\5-1\\vendor\\laravel\\framework\\src\\Illuminate\\Container\\Container.php(576): Illuminate\\Container\\BoundMethod::call(Object(Illuminate\\Foundation\\Application), Array, Array, NULL)
#14 C:\\xampp\\htdocs\\LetsEngineer\\curriculum\\5-1\\vendor\\laravel\\framework\\src\\Illuminate\\Foundation\\Support\\Providers\\RouteServiceProvider.php(87): Illuminate\\Container\\Container->call(Array)
#15 C:\\xampp\\htdocs\\LetsEngineer\\curriculum\\5-1\\vendor\\laravel\\framework\\src\\Illuminate\\Foundation\\Support\\Providers\\RouteServiceProvider.php(36): Illuminate\\Foundation\\Support\\Providers\\RouteServiceProvider->loadRoutes()
#16 C:\\xampp\\htdocs\\LetsEngineer\\curriculum\\5-1\\app\\Providers\\RouteServiceProvider.php(28): Illuminate\\Foundation\\Support\\Providers\\RouteServiceProvider->boot()
#17 [internal function]: App\\Providers\\RouteServiceProvider->boot()
#18 C:\\xampp\\htdocs\\LetsEngineer\\curriculum\\5-1\\vendor\\laravel\\framework\\src\\Illuminate\\Container\\BoundMethod.php(32): call_user_func_array(Array, Array)
#19 C:\\xampp\\htdocs\\LetsEngineer\\curriculum\\5-1\\vendor\\laravel\\framework\\src\\Illuminate\\Container\\BoundMethod.php(90): Illuminate\\Container\\BoundMethod::Illuminate\\Container\\{closure}()
#20 C:\\xampp\\htdocs\\LetsEngineer\\curriculum\\5-1\\vendor\\laravel\\framework\\src\\Illuminate\\Container\\BoundMethod.php(34): Illuminate\\Container\\BoundMethod::callBoundMethod(Object(Illuminate\\Foundation\\Application), Array, Object(Closure))
#21 C:\\xampp\\htdocs\\LetsEngineer\\curriculum\\5-1\\vendor\\laravel\\framework\\src\\Illuminate\\Container\\Container.php(576): Illuminate\\Container\\BoundMethod::call(Object(Illuminate\\Foundation\\Application), Array, Array, NULL)
#22 C:\\xampp\\htdocs\\LetsEngineer\\curriculum\\5-1\\vendor\\laravel\\framework\\src\\Illuminate\\Foundation\\Application.php(827): Illuminate\\Container\\Container->call(Array)
#23 C:\\xampp\\htdocs\\LetsEngineer\\curriculum\\5-1\\vendor\\laravel\\framework\\src\\Illuminate\\Foundation\\Application.php(810): Illuminate\\Foundation\\Application->bootProvider(Object(App\\Providers\\RouteServiceProvider))
#24 [internal function]: Illuminate\\Foundation\\Application->Illuminate\\Foundation\\{closure}(Object(App\\Providers\\RouteServiceProvider), 20)
#25 C:\\xampp\\htdocs\\LetsEngineer\\curriculum\\5-1\\vendor\\laravel\\framework\\src\\Illuminate\\Foundation\\Application.php(811): array_walk(Array, Object(Closure))
#26 C:\\xampp\\htdocs\\LetsEngineer\\curriculum\\5-1\\vendor\\laravel\\framework\\src\\Illuminate\\Foundation\\Bootstrap\\BootProviders.php(17): Illuminate\\Foundation\\Application->boot()
#27 C:\\xampp\\htdocs\\LetsEngineer\\curriculum\\5-1\\vendor\\laravel\\framework\\src\\Illuminate\\Foundation\\Application.php(210): Illuminate\\Foundation\\Bootstrap\\BootProviders->bootstrap(Object(Illuminate\\Foundation\\Application))
#28 C:\\xampp\\htdocs\\LetsEngineer\\curriculum\\5-1\\vendor\\laravel\\framework\\src\\Illuminate\\Foundation\\Http\\Kernel.php(162): Illuminate\\Foundation\\Application->bootstrapWith(Array)
#29 C:\\xampp\\htdocs\\LetsEngineer\\curriculum\\5-1\\vendor\\laravel\\framework\\src\\Illuminate\\Foundation\\Http\\Kernel.php(146): Illuminate\\Foundation\\Http\\Kernel->bootstrap()
#30 C:\\xampp\\htdocs\\LetsEngineer\\curriculum\\5-1\\vendor\\laravel\\framework\\src\\Illuminate\\Foundation\\Http\\Kernel.php(116): Illuminate\\Foundation\\Http\\Kernel->sendRequestThroughRouter(Object(Illuminate\\Http\\Request))
#31 C:\\xampp\\htdocs\\LetsEngineer\\curriculum\\5-1\\public\\index.php(55): Illuminate\\Foundation\\Http\\Kernel->handle(Object(Illuminate\\Http\\Request))
#32 C:\\xampp\\htdocs\\LetsEngineer\\curriculum\\5-1\\server.php(21): require_once('C:\\\\xampp\\\\htdocs...')
#33 {main}
"} 
[2021-03-02 02:19:29] local.ERROR: Attribute [gruop] does not exist. {"exception":"[object] (InvalidArgumentException(code: 0): Attribute [gruop] does not exist. at C:\\xampp\\htdocs\\LetsEngineer\\curriculum\\5-1\\vendor\\laravel\\framework\\src\\Illuminate\\Routing\\RouteRegistrar.php:92)
[stacktrace]
#0 C:\\xampp\\htdocs\\LetsEngineer\\curriculum\\5-1\\vendor\\laravel\\framework\\src\\Illuminate\\Routing\\Router.php(1275): Illuminate\\Routing\\RouteRegistrar->attribute('gruop', Array)
#1 C:\\xampp\\htdocs\\LetsEngineer\\curriculum\\5-1\\vendor\\laravel\\framework\\src\\Illuminate\\Support\\Facades\\Facade.php(239): Illuminate\\Routing\\Router->__call('gruop', Array)
#2 C:\\xampp\\htdocs\\LetsEngineer\\curriculum\\5-1\outes\\web.php(29): Illuminate\\Support\\Facades\\Facade::__callStatic('gruop', Array)
#3 C:\\xampp\\htdocs\\LetsEngineer\\curriculum\\5-1\\vendor\\laravel\\framework\\src\\Illuminate\\Routing\\RouteFileRegistrar.php(35): require('C:\\\\xampp\\\\htdocs...')
#4 C:\\xampp\\htdocs\\LetsEngineer\\curriculum\\5-1\\vendor\\laravel\\framework\\src\\Illuminate\\Routing\\Router.php(415): Illuminate\\Routing\\RouteFileRegistrar->register('C:\\\\xampp\\\\htdocs...')
#5 C:\\xampp\\htdocs\\LetsEngineer\\curriculum\\5-1\\vendor\\laravel\\framework\\src\\Illuminate\\Routing\\Router.php(373): Illuminate\\Routing\\Router->loadRoutes('C:\\\\xampp\\\\htdocs...')
#6 C:\\xampp\\htdocs\\LetsEngineer\\curriculum\\5-1\\vendor\\laravel\\framework\\src\\Illuminate\\Routing\\RouteRegistrar.php(121): Illuminate\\Routing\\Router->group(Array, 'C:\\\\xampp\\\\htdocs...')
#7 C:\\xampp\\htdocs\\LetsEngineer\\curriculum\\5-1\\app\\Providers\\RouteServiceProvider.php(56): Illuminate\\Routing\\RouteRegistrar->group('C:\\\\xampp\\\\htdocs...')
#8 C:\\xampp\\htdocs\\LetsEngineer\\curriculum\\5-1\\app\\Providers\\RouteServiceProvider.php(40): App\\Providers\\RouteServiceProvider->mapWebRoutes()
#9 [internal function]: App\\Providers\\RouteServiceProvider->map()
#10 C:\\xampp\\htdocs\\LetsEngineer\\curriculum\\5-1\\vendor\\laravel\\framework\\src\\Illuminate\\Container\\BoundMethod.php(32): call_user_func_array(Array, Array)
#11 C:\\xampp\\htdocs\\LetsEngineer\\curriculum\\5-1\\vendor\\laravel\\framework\\src\\Illuminate\\Container\\BoundMethod.php(90): Illuminate\\Container\\BoundMethod::Illuminate\\Container\\{closure}()
#12 C:\\xampp\\htdocs\\LetsEngineer\\curriculum\\5-1\\vendor\\laravel\\framework\\src\\Illuminate\\Container\\BoundMethod.php(34): Illuminate\\Container\\BoundMethod::callBoundMethod(Object(Illuminate\\Foundation\\Application), Array, Object(Closure))
#13 C:\\xampp\\htdocs\\LetsEngineer\\curriculum\\5-1\\vendor\\laravel\\framework\\src\\Illuminate\\Container\\Container.php(576): Illuminate\\Container\\BoundMethod::call(Object(Illuminate\\Foundation\\Application), Array, Array, NULL)
#14 C:\\xampp\\htdocs\\LetsEngineer\\curriculum\\5-1\\vendor\\laravel\\framework\\src\\Illuminate\\Foundation\\Support\\Providers\\RouteServiceProvider.php(87): Illuminate\\Container\\Container->call(Array)
#15 C:\\xampp\\htdocs\\LetsEngineer\\curriculum\\5-1\\vendor\\laravel\\framework\\src\\Illuminate\\Foundation\\Support\\Providers\\RouteServiceProvider.php(36): Illuminate\\Foundation\\Support\\Providers\\RouteServiceProvider->loadRoutes()
#16 C:\\xampp\\htdocs\\LetsEngineer\\curriculum\\5-1\\app\\Providers\\RouteServiceProvider.php(28): Illuminate\\Foundation\\Support\\Providers\\RouteServiceProvider->boot()
#17 [internal function]: App\\Providers\\RouteServiceProvider->boot()
#18 C:\\xampp\\htdocs\\LetsEngineer\\curriculum\\5-1\\vendor\\laravel\\framework\\src\\Illuminate\\Container\\BoundMethod.php(32): call_user_func_array(Array, Array)
#19 C:\\xampp\\htdocs\\LetsEngineer\\curriculum\\5-1\\vendor\\laravel\\framework\\src\\Illuminate\\Container\\BoundMethod.php(90): Illuminate\\Container\\BoundMethod::Illuminate\\Container\\{closure}()
#20 C:\\xampp\\htdocs\\LetsEngineer\\curriculum\\5-1\\vendor\\laravel\\framework\\src\\Illuminate\\Container\\BoundMethod.php(34): Illuminate\\Container\\BoundMethod::callBoundMethod(Object(Illuminate\\Foundation\\Application), Array, Object(Closure))
#21 C:\\xampp\\htdocs\\LetsEngineer\\curriculum\\5-1\\vendor\\laravel\\framework\\src\\Illuminate\\Container\\Container.php(576): Illuminate\\Container\\BoundMethod::call(Object(Illuminate\\Foundation\\Application), Array, Array, NULL)
#22 C:\\xampp\\htdocs\\LetsEngineer\\curriculum\\5-1\\vendor\\laravel\\framework\\src\\Illuminate\\Foundation\\Application.php(827): Illuminate\\Container\\Container->call(Array)
#23 C:\\xampp\\htdocs\\LetsEngineer\\curriculum\\5-1\\vendor\\laravel\\framework\\src\\Illuminate\\Foundation\\Application.php(810): Illuminate\\Foundation\\Application->bootProvider(Object(App\\Providers\\RouteServiceProvider))
#24 [internal function]: Illuminate\\Foundation\\Application->Illuminate\\Foundation\\{closure}(Object(App\\Providers\\RouteServiceProvider), 20)
#25 C:\\xampp\\htdocs\\LetsEngineer\\curriculum\\5-1\\vendor\\laravel\\framework\\src\\Illuminate\\Foundation\\Application.php(811): array_walk(Array, Object(Closure))
#26 C:\\xampp\\htdocs\\LetsEngineer\\curriculum\\5-1\\vendor\\laravel\\framework\\src\\Illuminate\\Foundation\\Bootstrap\\BootProviders.php(17): Illuminate\\Foundation\\Application->boot()
#27 C:\\xampp\\htdocs\\LetsEngineer\\curriculum\\5-1\\vendor\\laravel\\framework\\src\\Illuminate\\Foundation\\Application.php(210): Illuminate\\Foundation\\Bootstrap\\BootProviders->bootstrap(Object(Illuminate\\Foundation\\Application))
#28 C:\\xampp\\htdocs\\LetsEngineer\\curriculum\\5-1\\vendor\\laravel\\framework\\src\\Illuminate\\Foundation\\Http\\Kernel.php(162): Illuminate\\Foundation\\Application->bootstrapWith(Array)
#29 C:\\xampp\\htdocs\\LetsEngineer\\curriculum\\5-1\\vendor\\laravel\\framework\\src\\Illuminate\\Foundation\\Http\\Kernel.php(146): Illuminate\\Foundation\\Http\\Kernel->bootstrap()
#30 C:\\xampp\\htdocs\\LetsEngineer\\curriculum\\5-1\\vendor\\laravel\\framework\\src\\Illuminate\\Foundation\\Http\\Kernel.php(116): Illuminate\\Foundation\\Http\\Kernel->sendRequestThroughRouter(Object(Illuminate\\Http\\Request))
#31 C:\\xampp\\htdocs\\LetsEngineer\\curriculum\\5-1\\public\\index.php(55): Illuminate\\Foundation\\Http\\Kernel->handle(Object(Illuminate\\Http\\Request))
#32 C:\\xampp\\htdocs\\LetsEngineer\\curriculum\\5-1\\server.php(21): require_once('C:\\\\xampp\\\\htdocs...')
#33 {main}
"} 
[2021-03-02 02:19:36] local.ERROR: Attribute [gruop] does not exist. {"exception":"[object] (InvalidArgumentException(code: 0): Attribute [gruop] does not exist. at C:\\xampp\\htdocs\\LetsEngineer\\curriculum\\5-1\\vendor\\laravel\\framework\\src\\Illuminate\\Routing\\RouteRegistrar.php:92)
[stacktrace]
#0 C:\\xampp\\htdocs\\LetsEngineer\\curriculum\\5-1\\vendor\\laravel\\framework\\src\\Illuminate\\Routing\\Router.php(1275): Illuminate\\Routing\\RouteRegistrar->attribute('gruop', Array)
#1 C:\\xampp\\htdocs\\LetsEngineer\\curriculum\\5-1\\vendor\\laravel\\framework\\src\\Illuminate\\Support\\Facades\\Facade.php(239): Illuminate\\Routing\\Router->__call('gruop', Array)
#2 C:\\xampp\\htdocs\\LetsEngineer\\curriculum\\5-1\outes\\web.php(29): Illuminate\\Support\\Facades\\Facade::__callStatic('gruop', Array)
#3 C:\\xampp\\htdocs\\LetsEngineer\\curriculum\\5-1\\vendor\\laravel\\framework\\src\\Illuminate\\Routing\\RouteFileRegistrar.php(35): require('C:\\\\xampp\\\\htdocs...')
#4 C:\\xampp\\htdocs\\LetsEngineer\\curriculum\\5-1\\vendor\\laravel\\framework\\src\\Illuminate\\Routing\\Router.php(415): Illuminate\\Routing\\RouteFileRegistrar->register('C:\\\\xampp\\\\htdocs...')
#5 C:\\xampp\\htdocs\\LetsEngineer\\curriculum\\5-1\\vendor\\laravel\\framework\\src\\Illuminate\\Routing\\Router.php(373): Illuminate\\Routing\\Router->loadRoutes('C:\\\\xampp\\\\htdocs...')
#6 C:\\xampp\\htdocs\\LetsEngineer\\curriculum\\5-1\\vendor\\laravel\\framework\\src\\Illuminate\\Routing\\RouteRegistrar.php(121): Illuminate\\Routing\\Router->group(Array, 'C:\\\\xampp\\\\htdocs...')
#7 C:\\xampp\\htdocs\\LetsEngineer\\curriculum\\5-1\\app\\Providers\\RouteServiceProvider.php(56): Illuminate\\Routing\\RouteRegistrar->group('C:\\\\xampp\\\\htdocs...')
#8 C:\\xampp\\htdocs\\LetsEngineer\\curriculum\\5-1\\app\\Providers\\RouteServiceProvider.php(40): App\\Providers\\RouteServiceProvider->mapWebRoutes()
#9 [internal function]: App\\Providers\\RouteServiceProvider->map()
#10 C:\\xampp\\htdocs\\LetsEngineer\\curriculum\\5-1\\vendor\\laravel\\framework\\src\\Illuminate\\Container\\BoundMethod.php(32): call_user_func_array(Array, Array)
#11 C:\\xampp\\htdocs\\LetsEngineer\\curriculum\\5-1\\vendor\\laravel\\framework\\src\\Illuminate\\Container\\BoundMethod.php(90): Illuminate\\Container\\BoundMethod::Illuminate\\Container\\{closure}()
#12 C:\\xampp\\htdocs\\LetsEngineer\\curriculum\\5-1\\vendor\\laravel\\framework\\src\\Illuminate\\Container\\BoundMethod.php(34): Illuminate\\Container\\BoundMethod::callBoundMethod(Object(Illuminate\\Foundation\\Application), Array, Object(Closure))
#13 C:\\xampp\\htdocs\\LetsEngineer\\curriculum\\5-1\\vendor\\laravel\\framework\\src\\Illuminate\\Container\\Container.php(576): Illuminate\\Container\\BoundMethod::call(Object(Illuminate\\Foundation\\Application), Array, Array, NULL)
#14 C:\\xampp\\htdocs\\LetsEngineer\\curriculum\\5-1\\vendor\\laravel\\framework\\src\\Illuminate\\Foundation\\Support\\Providers\\RouteServiceProvider.php(87): Illuminate\\Container\\Container->call(Array)
#15 C:\\xampp\\htdocs\\LetsEngineer\\curriculum\\5-1\\vendor\\laravel\\framework\\src\\Illuminate\\Foundation\\Support\\Providers\\RouteServiceProvider.php(36): Illuminate\\Foundation\\Support\\Providers\\RouteServiceProvider->loadRoutes()
#16 C:\\xampp\\htdocs\\LetsEngineer\\curriculum\\5-1\\app\\Providers\\RouteServiceProvider.php(28): Illuminate\\Foundation\\Support\\Providers\\RouteServiceProvider->boot()
#17 [internal function]: App\\Providers\\RouteServiceProvider->boot()
#18 C:\\xampp\\htdocs\\LetsEngineer\\curriculum\\5-1\\vendor\\laravel\\framework\\src\\Illuminate\\Container\\BoundMethod.php(32): call_user_func_array(Array, Array)
#19 C:\\xampp\\htdocs\\LetsEngineer\\curriculum\\5-1\\vendor\\laravel\\framework\\src\\Illuminate\\Container\\BoundMethod.php(90): Illuminate\\Container\\BoundMethod::Illuminate\\Container\\{closure}()
#20 C:\\xampp\\htdocs\\LetsEngineer\\curriculum\\5-1\\vendor\\laravel\\framework\\src\\Illuminate\\Container\\BoundMethod.php(34): Illuminate\\Container\\BoundMethod::callBoundMethod(Object(Illuminate\\Foundation\\Application), Array, Object(Closure))
#21 C:\\xampp\\htdocs\\LetsEngineer\\curriculum\\5-1\\vendor\\laravel\\framework\\src\\Illuminate\\Container\\Container.php(576): Illuminate\\Container\\BoundMethod::call(Object(Illuminate\\Foundation\\Application), Array, Array, NULL)
#22 C:\\xampp\\htdocs\\LetsEngineer\\curriculum\\5-1\\vendor\\laravel\\framework\\src\\Illuminate\\Foundation\\Application.php(827): Illuminate\\Container\\Container->call(Array)
#23 C:\\xampp\\htdocs\\LetsEngineer\\curriculum\\5-1\\vendor\\laravel\\framework\\src\\Illuminate\\Foundation\\Application.php(810): Illuminate\\Foundation\\Application->bootProvider(Object(App\\Providers\\RouteServiceProvider))
#24 [internal function]: Illuminate\\Foundation\\Application->Illuminate\\Foundation\\{closure}(Object(App\\Providers\\RouteServiceProvider), 20)
#25 C:\\xampp\\htdocs\\LetsEngineer\\curriculum\\5-1\\vendor\\laravel\\framework\\src\\Illuminate\\Foundation\\Application.php(811): array_walk(Array, Object(Closure))
#26 C:\\xampp\\htdocs\\LetsEngineer\\curriculum\\5-1\\vendor\\laravel\\framework\\src\\Illuminate\\Foundation\\Bootstrap\\BootProviders.php(17): Illuminate\\Foundation\\Application->boot()
#27 C:\\xampp\\htdocs\\LetsEngineer\\curriculum\\5-1\\vendor\\laravel\\framework\\src\\Illuminate\\Foundation\\Application.php(210): Illuminate\\Foundation\\Bootstrap\\BootProviders->bootstrap(Object(Illuminate\\Foundation\\Application))
#28 C:\\xampp\\htdocs\\LetsEngineer\\curriculum\\5-1\\vendor\\laravel\\framework\\src\\Illuminate\\Foundation\\Http\\Kernel.php(162): Illuminate\\Foundation\\Application->bootstrapWith(Array)
#29 C:\\xampp\\htdocs\\LetsEngineer\\curriculum\\5-1\\vendor\\laravel\\framework\\src\\Illuminate\\Foundation\\Http\\Kernel.php(146): Illuminate\\Foundation\\Http\\Kernel->bootstrap()
#30 C:\\xampp\\htdocs\\LetsEngineer\\curriculum\\5-1\\vendor\\laravel\\framework\\src\\Illuminate\\Foundation\\Http\\Kernel.php(116): Illuminate\\Foundation\\Http\\Kernel->sendRequestThroughRouter(Object(Illuminate\\Http\\Request))
#31 C:\\xampp\\htdocs\\LetsEngineer\\curriculum\\5-1\\public\\index.php(55): Illuminate\\Foundation\\Http\\Kernel->handle(Object(Illuminate\\Http\\Request))
#32 C:\\xampp\\htdocs\\LetsEngineer\\curriculum\\5-1\\server.php(21): require_once('C:\\\\xampp\\\\htdocs...')
#33 {main}
"} 
[2021-03-02 02:20:05] local.ERROR: Attribute [gruop] does not exist. {"exception":"[object] (InvalidArgumentException(code: 0): Attribute [gruop] does not exist. at C:\\xampp\\htdocs\\LetsEngineer\\curriculum\\5-1\\vendor\\laravel\\framework\\src\\Illuminate\\Routing\\RouteRegistrar.php:92)
[stacktrace]
#0 C:\\xampp\\htdocs\\LetsEngineer\\curriculum\\5-1\\vendor\\laravel\\framework\\src\\Illuminate\\Routing\\Router.php(1275): Illuminate\\Routing\\RouteRegistrar->attribute('gruop', Array)
#1 C:\\xampp\\htdocs\\LetsEngineer\\curriculum\\5-1\\vendor\\laravel\\framework\\src\\Illuminate\\Support\\Facades\\Facade.php(239): Illuminate\\Routing\\Router->__call('gruop', Array)
#2 C:\\xampp\\htdocs\\LetsEngineer\\curriculum\\5-1\outes\\web.php(29): Illuminate\\Support\\Facades\\Facade::__callStatic('gruop', Array)
#3 C:\\xampp\\htdocs\\LetsEngineer\\curriculum\\5-1\\vendor\\laravel\\framework\\src\\Illuminate\\Routing\\RouteFileRegistrar.php(35): require('C:\\\\xampp\\\\htdocs...')
#4 C:\\xampp\\htdocs\\LetsEngineer\\curriculum\\5-1\\vendor\\laravel\\framework\\src\\Illuminate\\Routing\\Router.php(415): Illuminate\\Routing\\RouteFileRegistrar->register('C:\\\\xampp\\\\htdocs...')
#5 C:\\xampp\\htdocs\\LetsEngineer\\curriculum\\5-1\\vendor\\laravel\\framework\\src\\Illuminate\\Routing\\Router.php(373): Illuminate\\Routing\\Router->loadRoutes('C:\\\\xampp\\\\htdocs...')
#6 C:\\xampp\\htdocs\\LetsEngineer\\curriculum\\5-1\\vendor\\laravel\\framework\\src\\Illuminate\\Routing\\RouteRegistrar.php(121): Illuminate\\Routing\\Router->group(Array, 'C:\\\\xampp\\\\htdocs...')
#7 C:\\xampp\\htdocs\\LetsEngineer\\curriculum\\5-1\\app\\Providers\\RouteServiceProvider.php(56): Illuminate\\Routing\\RouteRegistrar->group('C:\\\\xampp\\\\htdocs...')
#8 C:\\xampp\\htdocs\\LetsEngineer\\curriculum\\5-1\\app\\Providers\\RouteServiceProvider.php(40): App\\Providers\\RouteServiceProvider->mapWebRoutes()
#9 [internal function]: App\\Providers\\RouteServiceProvider->map()
#10 C:\\xampp\\htdocs\\LetsEngineer\\curriculum\\5-1\\vendor\\laravel\\framework\\src\\Illuminate\\Container\\BoundMethod.php(32): call_user_func_array(Array, Array)
#11 C:\\xampp\\htdocs\\LetsEngineer\\curriculum\\5-1\\vendor\\laravel\\framework\\src\\Illuminate\\Container\\BoundMethod.php(90): Illuminate\\Container\\BoundMethod::Illuminate\\Container\\{closure}()
#12 C:\\xampp\\htdocs\\LetsEngineer\\curriculum\\5-1\\vendor\\laravel\\framework\\src\\Illuminate\\Container\\BoundMethod.php(34): Illuminate\\Container\\BoundMethod::callBoundMethod(Object(Illuminate\\Foundation\\Application), Array, Object(Closure))
#13 C:\\xampp\\htdocs\\LetsEngineer\\curriculum\\5-1\\vendor\\laravel\\framework\\src\\Illuminate\\Container\\Container.php(576): Illuminate\\Container\\BoundMethod::call(Object(Illuminate\\Foundation\\Application), Array, Array, NULL)
#14 C:\\xampp\\htdocs\\LetsEngineer\\curriculum\\5-1\\vendor\\laravel\\framework\\src\\Illuminate\\Foundation\\Support\\Providers\\RouteServiceProvider.php(87): Illuminate\\Container\\Container->call(Array)
#15 C:\\xampp\\htdocs\\LetsEngineer\\curriculum\\5-1\\vendor\\laravel\\framework\\src\\Illuminate\\Foundation\\Support\\Providers\\RouteServiceProvider.php(36): Illuminate\\Foundation\\Support\\Providers\\RouteServiceProvider->loadRoutes()
#16 C:\\xampp\\htdocs\\LetsEngineer\\curriculum\\5-1\\app\\Providers\\RouteServiceProvider.php(28): Illuminate\\Foundation\\Support\\Providers\\RouteServiceProvider->boot()
#17 [internal function]: App\\Providers\\RouteServiceProvider->boot()
#18 C:\\xampp\\htdocs\\LetsEngineer\\curriculum\\5-1\\vendor\\laravel\\framework\\src\\Illuminate\\Container\\BoundMethod.php(32): call_user_func_array(Array, Array)
#19 C:\\xampp\\htdocs\\LetsEngineer\\curriculum\\5-1\\vendor\\laravel\\framework\\src\\Illuminate\\Container\\BoundMethod.php(90): Illuminate\\Container\\BoundMethod::Illuminate\\Container\\{closure}()
#20 C:\\xampp\\htdocs\\LetsEngineer\\curriculum\\5-1\\vendor\\laravel\\framework\\src\\Illuminate\\Container\\BoundMethod.php(34): Illuminate\\Container\\BoundMethod::callBoundMethod(Object(Illuminate\\Foundation\\Application), Array, Object(Closure))
#21 C:\\xampp\\htdocs\\LetsEngineer\\curriculum\\5-1\\vendor\\laravel\\framework\\src\\Illuminate\\Container\\Container.php(576): Illuminate\\Container\\BoundMethod::call(Object(Illuminate\\Foundation\\Application), Array, Array, NULL)
#22 C:\\xampp\\htdocs\\LetsEngineer\\curriculum\\5-1\\vendor\\laravel\\framework\\src\\Illuminate\\Foundation\\Application.php(827): Illuminate\\Container\\Container->call(Array)
#23 C:\\xampp\\htdocs\\LetsEngineer\\curriculum\\5-1\\vendor\\laravel\\framework\\src\\Illuminate\\Foundation\\Application.php(810): Illuminate\\Foundation\\Application->bootProvider(Object(App\\Providers\\RouteServiceProvider))
#24 [internal function]: Illuminate\\Foundation\\Application->Illuminate\\Foundation\\{closure}(Object(App\\Providers\\RouteServiceProvider), 20)
#25 C:\\xampp\\htdocs\\LetsEngineer\\curriculum\\5-1\\vendor\\laravel\\framework\\src\\Illuminate\\Foundation\\Application.php(811): array_walk(Array, Object(Closure))
#26 C:\\xampp\\htdocs\\LetsEngineer\\curriculum\\5-1\\vendor\\laravel\\framework\\src\\Illuminate\\Foundation\\Bootstrap\\BootProviders.php(17): Illuminate\\Foundation\\Application->boot()
#27 C:\\xampp\\htdocs\\LetsEngineer\\curriculum\\5-1\\vendor\\laravel\\framework\\src\\Illuminate\\Foundation\\Application.php(210): Illuminate\\Foundation\\Bootstrap\\BootProviders->bootstrap(Object(Illuminate\\Foundation\\Application))
#28 C:\\xampp\\htdocs\\LetsEngineer\\curriculum\\5-1\\vendor\\laravel\\framework\\src\\Illuminate\\Foundation\\Http\\Kernel.php(162): Illuminate\\Foundation\\Application->bootstrapWith(Array)
#29 C:\\xampp\\htdocs\\LetsEngineer\\curriculum\\5-1\\vendor\\laravel\\framework\\src\\Illuminate\\Foundation\\Http\\Kernel.php(146): Illuminate\\Foundation\\Http\\Kernel->bootstrap()
#30 C:\\xampp\\htdocs\\LetsEngineer\\curriculum\\5-1\\vendor\\laravel\\framework\\src\\Illuminate\\Foundation\\Http\\Kernel.php(116): Illuminate\\Foundation\\Http\\Kernel->sendRequestThroughRouter(Object(Illuminate\\Http\\Request))
#31 C:\\xampp\\htdocs\\LetsEngineer\\curriculum\\5-1\\public\\index.php(55): Illuminate\\Foundation\\Http\\Kernel->handle(Object(Illuminate\\Http\\Request))
#32 C:\\xampp\\htdocs\\LetsEngineer\\curriculum\\5-1\\server.php(21): require_once('C:\\\\xampp\\\\htdocs...')
#33 {main}
"} 
